[debug] [2020-07-31T07:20:43.279Z] ----------------------------------------------------------------------
[debug] [2020-07-31T07:20:43.281Z] Command:       C:\Program Files\nodejs\node.exe C:\Users\Dell\AppData\Roaming\npm\node_modules\firebase-tools\lib\bin\firebase.js init
[debug] [2020-07-31T07:20:43.281Z] CLI Version:   8.4.2
[debug] [2020-07-31T07:20:43.281Z] Platform:      win32
[debug] [2020-07-31T07:20:43.281Z] Node Version:  v13.7.0
[debug] [2020-07-31T07:20:43.282Z] Time:          Fri Jul 31 2020 09:20:43 GMT+0200 (South Africa Standard Time)
[debug] [2020-07-31T07:20:43.282Z] ----------------------------------------------------------------------
[debug] [2020-07-31T07:20:43.282Z] 
[debug] [2020-07-31T07:20:43.289Z] > command requires scopes: ["email","openid","https://www.googleapis.com/auth/cloudplatformprojects.readonly","https://www.googleapis.com/auth/firebase","https://www.googleapis.com/auth/cloud-platform"]
[debug] [2020-07-31T07:20:43.289Z] > authorizing via signed-in user
[info] 
     ######## #### ########  ######## ########     ###     ######  ########
     ##        ##  ##     ## ##       ##     ##  ##   ##  ##       ##
     ######    ##  ########  ######   ########  #########  ######  ######
     ##        ##  ##    ##  ##       ##     ## ##     ##       ## ##
     ##       #### ##     ## ######## ########  ##     ##  ######  ########

You're about to initialize a Firebase project in this directory:

  C:\Users\Dell\Dla-Mini-Dev\Projects\angular\clinic-workflow-ui

Before we get started, keep in mind:

  * You are initializing in an existing Firebase project directory

[info] 
=== Project Setup
[info] 
[info] First, let's associate this project directory with a Firebase project.
[info] You can create multiple project aliases by running firebase use --add, 
[info] but for now we'll just set up a default project.
[info] 
[info] i  .firebaserc already has a default project, using clinic-workflow. 
[debug] [2020-07-31T07:20:49.462Z] >>> HTTP REQUEST GET https://firebase.googleapis.com/v1beta1/projects/clinic-workflow  
 
[debug] [2020-07-31T07:20:50.422Z] <<< HTTP RESPONSE 200 {"content-type":"application/json; charset=UTF-8","vary":"X-Origin, Referer, Origin,Accept-Encoding","date":"Fri, 31 Jul 2020 07:20:48 GMT","server":"ESF","cache-control":"private","x-xss-protection":"0","x-frame-options":"SAMEORIGIN","x-content-type-options":"nosniff","alt-svc":"h3-29=\":443\"; ma=2592000,h3-27=\":443\"; ma=2592000,h3-T050=\":443\"; ma=2592000,h3-Q050=\":443\"; ma=2592000,h3-Q046=\":443\"; ma=2592000,h3-Q043=\":443\"; ma=2592000,quic=\":443\"; ma=2592000; v=\"46,43\"","accept-ranges":"none","transfer-encoding":"chunked"}
[info] 
=== Hosting Setup
[info] 
[info] Your public directory is the folder (relative to your project directory) that
[info] will contain Hosting assets to be uploaded with firebase deploy. If you
[info] have a build process for your assets, use your build's output directory.
[info] 
